Performing C SOURCE FILE Test FLAG_SUPPORTED_stdc89 failed with the following output:
Change Dir: /home/neysofu/Projects/zorro/app/avenger/bin/CMakeFiles/CMakeTmp

Run Build Command(s):/usr/bin/ninja cmTC_05992 && [1/2] Building C object CMakeFiles/cmTC_05992.dir/src.c.o
FAILED: CMakeFiles/cmTC_05992.dir/src.c.o 
/bin/c99-gcc   -fverbose-asm    -Wall    -Wpedantic    -Wextra    -Wshadow    -Wcomment    -Wno-missing-braces    -Wno-missing-field-initializers    -Wswitch-default    -Wcast-align    -Wpointer-arith    -Wundef    -Wuninitialized    -Wredundant-decls    -Wold-style-definition    -Wunreachable-code    -Wunused-macros -DFLAG_SUPPORTED_stdc89   -std=c89 -o CMakeFiles/cmTC_05992.dir/src.c.o   -c src.c
c99-gcc called with non ISO C99 option -std=c89
ninja: build stopped: subcommand failed.


Source file was:
int main(void) { return 0; }
Performing C SOURCE FILE Test FLAG_SUPPORTED_Wcomma failed with the following output:
Change Dir: /home/neysofu/Projects/zorro/app/avenger/bin/CMakeFiles/CMakeTmp

Run Build Command(s):/usr/bin/ninja cmTC_ce225 && [1/2] Building C object CMakeFiles/cmTC_ce225.dir/src.c.o
FAILED: CMakeFiles/cmTC_ce225.dir/src.c.o 
/bin/c99-gcc   -fverbose-asm    -Wall    -Wpedantic    -Wextra    -Wshadow    -Wcomment    -Wno-missing-braces    -Wno-missing-field-initializers    -Wswitch-default    -Wcast-align    -Wpointer-arith    -Wundef    -Wuninitialized    -Wredundant-decls    -Wold-style-definition    -Wunreachable-code    -Wunused-macros -pedantic -Wall -Wextra -Werror -Wstrict-prototypes -Wwrite-strings -Wshadow -Winit-self -Wcast-align -Wformat=2 -Wmissing-prototypes -Wstrict-overflow=2 -Wcast-qual -Wundef -Wswitch-default -Wconversion -Wc++-compat -fstack-protector-strong -DFLAG_SUPPORTED_Wcomma   -Wcomma -o CMakeFiles/cmTC_ce225.dir/src.c.o   -c src.c
gcc: error: unrecognized command line option '-Wcomma'; did you mean '-Wcomment'?
ninja: build stopped: subcommand failed.


Source file was:
int main(void) { return 0; }
Performing C SOURCE FILE Test FLAG_SUPPORTED_Wmissingvariabledeclarations failed with the following output:
Change Dir: /home/neysofu/Projects/zorro/app/avenger/bin/CMakeFiles/CMakeTmp

Run Build Command(s):/usr/bin/ninja cmTC_6c70c && [1/2] Building C object CMakeFiles/cmTC_6c70c.dir/src.c.o
FAILED: CMakeFiles/cmTC_6c70c.dir/src.c.o 
/bin/c99-gcc   -fverbose-asm    -Wall    -Wpedantic    -Wextra    -Wshadow    -Wcomment    -Wno-missing-braces    -Wno-missing-field-initializers    -Wswitch-default    -Wcast-align    -Wpointer-arith    -Wundef    -Wuninitialized    -Wredundant-decls    -Wold-style-definition    -Wunreachable-code    -Wunused-macros -pedantic -Wall -Wextra -Werror -Wstrict-prototypes -Wwrite-strings -Wshadow -Winit-self -Wcast-align -Wformat=2 -Wmissing-prototypes -Wstrict-overflow=2 -Wcast-qual -Wundef -Wswitch-default -Wconversion -Wc++-compat -fstack-protector-strong -Wdouble-promotion -Wparentheses -Wformat-overflow -Wunused-macros -DFLAG_SUPPORTED_Wmissingvariabledeclarations   -Wmissing-variable-declarations -o CMakeFiles/cmTC_6c70c.dir/src.c.o   -c src.c
gcc: error: unrecognized command line option '-Wmissing-variable-declarations'; did you mean '-Wmissing-declarations'?
ninja: build stopped: subcommand failed.


Source file was:
int main(void) { return 0; }
Performing C SOURCE FILE Test FLAG_SUPPORTED_Wusedbutmarkedunused failed with the following output:
Change Dir: /home/neysofu/Projects/zorro/app/avenger/bin/CMakeFiles/CMakeTmp

Run Build Command(s):/usr/bin/ninja cmTC_1592c && [1/2] Building C object CMakeFiles/cmTC_1592c.dir/src.c.o
FAILED: CMakeFiles/cmTC_1592c.dir/src.c.o 
/bin/c99-gcc   -fverbose-asm    -Wall    -Wpedantic    -Wextra    -Wshadow    -Wcomment    -Wno-missing-braces    -Wno-missing-field-initializers    -Wswitch-default    -Wcast-align    -Wpointer-arith    -Wundef    -Wuninitialized    -Wredundant-decls    -Wold-style-definition    -Wunreachable-code    -Wunused-macros -pedantic -Wall -Wextra -Werror -Wstrict-prototypes -Wwrite-strings -Wshadow -Winit-self -Wcast-align -Wformat=2 -Wmissing-prototypes -Wstrict-overflow=2 -Wcast-qual -Wundef -Wswitch-default -Wconversion -Wc++-compat -fstack-protector-strong -Wdouble-promotion -Wparentheses -Wformat-overflow -Wunused-macros -DFLAG_SUPPORTED_Wusedbutmarkedunused   -Wused-but-marked-unused -o CMakeFiles/cmTC_1592c.dir/src.c.o   -c src.c
gcc: error: unrecognized command line option '-Wused-but-marked-unused'
ninja: build stopped: subcommand failed.


Source file was:
int main(void) { return 0; }
Performing C SOURCE FILE Test PLIBSYS_MMAP_HAS_MAP_ANON failed with the following output:
Change Dir: /home/neysofu/Projects/zorro/app/avenger/bin/CMakeFiles/CMakeTmp

Run Build Command(s):/usr/bin/ninja cmTC_c7dc6 && [1/2] Building C object CMakeFiles/cmTC_c7dc6.dir/src.c.o
FAILED: CMakeFiles/cmTC_c7dc6.dir/src.c.o 
/bin/c99-gcc -D_REENTRANT  -fverbose-asm    -Wall    -Wpedantic    -Wextra    -Wshadow    -Wcomment    -Wno-missing-braces    -Wno-missing-field-initializers    -Wswitch-default    -Wcast-align    -Wpointer-arith    -Wundef    -Wuninitialized    -Wredundant-decls    -Wold-style-definition    -Wunreachable-code    -Wunused-macros -DPLIBSYS_MMAP_HAS_MAP_ANON -o CMakeFiles/cmTC_c7dc6.dir/src.c.o   -c src.c
src.c: In function ‘main’:
src.c:3:38: warning: old-style function definition [-Wold-style-definition]
    3 |                                  int main () {
      |                                      ^~~~
src.c:4:80: error: ‘MAP_ANON’ undeclared (first use in this function)
    4 |                                         mmap (0, 1024, PROT_READ | PROT_WRITE, MAP_ANON | MAP_PRIVATE, -1, 0);
      |                                                                                ^~~~~~~~
src.c:4:80: note: each undeclared identifier is reported only once for each function it appears in
ninja: build stopped: subcommand failed.


Source file was:
#include <sys/types.h>
                                  #include <sys/mman.h>
                                 int main () {
                                        mmap (0, 1024, PROT_READ | PROT_WRITE, MAP_ANON | MAP_PRIVATE, -1, 0);
                                        return 0;
                                 }
Performing C SOURCE FILE Test PLIBSYS_MMAP_HAS_MAP_ANONYMOUS failed with the following output:
Change Dir: /home/neysofu/Projects/zorro/app/avenger/bin/CMakeFiles/CMakeTmp

Run Build Command(s):/usr/bin/ninja cmTC_c7447 && [1/2] Building C object CMakeFiles/cmTC_c7447.dir/src.c.o
FAILED: CMakeFiles/cmTC_c7447.dir/src.c.o 
/bin/c99-gcc -D_REENTRANT  -fverbose-asm    -Wall    -Wpedantic    -Wextra    -Wshadow    -Wcomment    -Wno-missing-braces    -Wno-missing-field-initializers    -Wswitch-default    -Wcast-align    -Wpointer-arith    -Wundef    -Wuninitialized    -Wredundant-decls    -Wold-style-definition    -Wunreachable-code    -Wunused-macros -DPLIBSYS_MMAP_HAS_MAP_ANONYMOUS -o CMakeFiles/cmTC_c7447.dir/src.c.o   -c src.c
src.c: In function ‘main’:
src.c:3:38: warning: old-style function definition [-Wold-style-definition]
    3 |                                  int main () {
      |                                      ^~~~
src.c:4:80: error: ‘MAP_ANONYMOUS’ undeclared (first use in this function)
    4 |                                         mmap (0, 1024, PROT_READ | PROT_WRITE, MAP_ANONYMOUS | MAP_PRIVATE, -1, 0);
      |                                                                                ^~~~~~~~~~~~~
src.c:4:80: note: each undeclared identifier is reported only once for each function it appears in
ninja: build stopped: subcommand failed.


Source file was:
#include <sys/types.h>
                                  #include <sys/mman.h>
                                 int main () {
                                        mmap (0, 1024, PROT_READ | PROT_WRITE, MAP_ANONYMOUS | MAP_PRIVATE, -1, 0);
                                        return 0;
                                 }
Performing C SOURCE FILE Test PLIBSYS_HAS_POSIX_RWLOCK failed with the following output:
Change Dir: /home/neysofu/Projects/zorro/app/avenger/bin/CMakeFiles/CMakeTmp

Run Build Command(s):/usr/bin/ninja cmTC_8b7c3 && [1/2] Building C object CMakeFiles/cmTC_8b7c3.dir/src.c.o
FAILED: CMakeFiles/cmTC_8b7c3.dir/src.c.o 
/bin/c99-gcc -D_REENTRANT  -fverbose-asm    -Wall    -Wpedantic    -Wextra    -Wshadow    -Wcomment    -Wno-missing-braces    -Wno-missing-field-initializers    -Wswitch-default    -Wcast-align    -Wpointer-arith    -Wundef    -Wuninitialized    -Wredundant-decls    -Wold-style-definition    -Wunreachable-code    -Wunused-macros -DPLIBSYS_HAS_POSIX_RWLOCK -o CMakeFiles/cmTC_8b7c3.dir/src.c.o   -c src.c
src.c: In function ‘main’:
src.c:3:38: warning: old-style function definition [-Wold-style-definition]
    3 |                                  int main () {
      |                                      ^~~~
src.c:4:41: error: unknown type name ‘pthread_rwlock_t’; did you mean ‘pthread_cond_t’?
    4 |                                         pthread_rwlock_t rwl;
      |                                         ^~~~~~~~~~~~~~~~
      |                                         pthread_cond_t
src.c:6:41: warning: implicit declaration of function ‘pthread_rwlock_init’; did you mean ‘pthread_cond_init’? [-Wimplicit-function-declaration]
    6 |                                         pthread_rwlock_init (&rwl, 0);
      |                                         ^~~~~~~~~~~~~~~~~~~
      |                                         pthread_cond_init
src.c:7:41: warning: implicit declaration of function ‘pthread_rwlock_destroy’; did you mean ‘pthread_cond_destroy’? [-Wimplicit-function-declaration]
    7 |                                         pthread_rwlock_destroy (&rwl);
      |                                         ^~~~~~~~~~~~~~~~~~~~~~
      |                                         pthread_cond_destroy
ninja: build stopped: subcommand failed.


Source file was:
#include <pthread.h>

                                 int main () {
                                        pthread_rwlock_t rwl;

                                        pthread_rwlock_init (&rwl, 0);
                                        pthread_rwlock_destroy (&rwl);
                                        return 0;
                                 }
Performing C SOURCE FILE Test PLIBSYS_SOCKADDR_HAS_SA_LEN failed with the following output:
Change Dir: /home/neysofu/Projects/zorro/app/avenger/bin/CMakeFiles/CMakeTmp

Run Build Command(s):/usr/bin/ninja cmTC_fd553 && [1/2] Building C object CMakeFiles/cmTC_fd553.dir/src.c.o
FAILED: CMakeFiles/cmTC_fd553.dir/src.c.o 
/bin/c99-gcc -D_REENTRANT  -fverbose-asm    -Wall    -Wpedantic    -Wextra    -Wshadow    -Wcomment    -Wno-missing-braces    -Wno-missing-field-initializers    -Wswitch-default    -Wcast-align    -Wpointer-arith    -Wundef    -Wuninitialized    -Wredundant-decls    -Wold-style-definition    -Wunreachable-code    -Wunused-macros -DPLIBSYS_SOCKADDR_HAS_SA_LEN -o CMakeFiles/cmTC_fd553.dir/src.c.o   -c src.c
src.c: In function ‘main’:
src.c:4:31: warning: old-style function definition [-Wold-style-definition]
    4 |                           int main () {
      |                               ^~~~
src.c:6:42: error: ‘struct sockaddr’ has no member named ‘sa_len’
    6 |                                 sock_addr.sa_len = 0;
      |                                          ^
src.c:5:49: warning: variable ‘sock_addr’ set but not used [-Wunused-but-set-variable]
    5 |                                 struct sockaddr sock_addr;
      |                                                 ^~~~~~~~~
ninja: build stopped: subcommand failed.


Source file was:
#include <sys/types.h>
                                      #include <sys/socket.h>
                                      #include <netinet/in.h>
                          int main () {
                                struct sockaddr sock_addr;
                                sock_addr.sa_len = 0;

                                return 0;
                          }
Performing C SOURCE FILE Test PLIBSYS_HAS_GCC_VISIBILITY failed with the following output:
Change Dir: /home/neysofu/Projects/zorro/app/avenger/bin/CMakeFiles/CMakeTmp

Run Build Command(s):/usr/bin/ninja cmTC_d1f3d && [1/2] Building C object CMakeFiles/cmTC_d1f3d.dir/src.c.o
FAILED: CMakeFiles/cmTC_d1f3d.dir/src.c.o 
/bin/c99-gcc -D_REENTRANT  -fverbose-asm    -Wall    -Wpedantic    -Wextra    -Wshadow    -Wcomment    -Wno-missing-braces    -Wno-missing-field-initializers    -Wswitch-default    -Wcast-align    -Wpointer-arith    -Wundef    -Wuninitialized    -Wredundant-decls    -Wold-style-definition    -Wunreachable-code    -Wunused-macros -DPLIBSYS_HAS_GCC_VISIBILITY -o CMakeFiles/cmTC_d1f3d.dir/src.c.o   -c src.c
src.c: In function ‘main’:
src.c:1:5: warning: old-style function definition [-Wold-style-definition]
    1 | int main () {
      |     ^~~~
src.c:8:45: error: missing binary operator before token "!"
    8 |                                             !defined(_AIX)   && !defined(__CYGWIN__) && !defined(__MSYS__)
      |                                             ^
src.c:11:41: error: ‘stop_compile_here’ undeclared (first use in this function)
   11 |                                         stop_compile_here
      |                                         ^~~~~~~~~~~~~~~~~
src.c:11:41: note: each undeclared identifier is reported only once for each function it appears in
src.c:11:58: error: expected ‘;’ before ‘}’ token
   11 |                                         stop_compile_here
      |                                                          ^
      |                                                          ;
   12 |                                         #endif
   13 |                                  }
      |                                  ~                        
ninja: build stopped: subcommand failed.


Source file was:
int main () {
                                        #if (__GNUC__ >= 4)   && !defined(_CRAYC) && \
                                            !defined(__sun)   && !defined(sun)    && \
                                            !defined(__hpux)  && !defined(hpux)   && \
                                            !defined(__sgi)   && !defined(sgi)    && \
                                            !defined(__osf__) && !defined(__osf)  && \
                                            !defined(__OS2__)                        \
                                            !defined(_AIX)   && !defined(__CYGWIN__) && !defined(__MSYS__)
                                        return 0;
                                        #else
                                        stop_compile_here
                                        #endif
                                 }
Performing C SOURCE FILE Test PLIBSYS_HAS_SUN_VISIBILITY failed with the following output:
Change Dir: /home/neysofu/Projects/zorro/app/avenger/bin/CMakeFiles/CMakeTmp

Run Build Command(s):/usr/bin/ninja cmTC_0a5e9 && [1/2] Building C object CMakeFiles/cmTC_0a5e9.dir/src.c.o
FAILED: CMakeFiles/cmTC_0a5e9.dir/src.c.o 
/bin/c99-gcc -D_REENTRANT  -fverbose-asm    -Wall    -Wpedantic    -Wextra    -Wshadow    -Wcomment    -Wno-missing-braces    -Wno-missing-field-initializers    -Wswitch-default    -Wcast-align    -Wpointer-arith    -Wundef    -Wuninitialized    -Wredundant-decls    -Wold-style-definition    -Wunreachable-code    -Wunused-macros -DPLIBSYS_HAS_SUN_VISIBILITY -o CMakeFiles/cmTC_0a5e9.dir/src.c.o   -c src.c
src.c: In function ‘main’:
src.c:1:5: warning: old-style function definition [-Wold-style-definition]
    1 | int main () {
      |     ^~~~
src.c:6:41: error: ‘stop_compile_here’ undeclared (first use in this function)
    6 |                                         stop_compile_here
      |                                         ^~~~~~~~~~~~~~~~~
src.c:6:41: note: each undeclared identifier is reported only once for each function it appears in
src.c:6:58: error: expected ‘;’ before ‘}’ token
    6 |                                         stop_compile_here
      |                                                          ^
      |                                                          ;
    7 |                                         #endif
    8 |                                  }
      |                                  ~                        
ninja: build stopped: subcommand failed.


Source file was:
int main () {
                                        #if (defined(__SUNPRO_C) && (__SUNPRO_C >= 0x550)) || \
                                            (defined(__SUNPRO_CC) && (__SUNPRO_CC >= 0x5110))
                                        return 0;
                                        #else
                                        stop_compile_here
                                        #endif
                                 }
Performing C SOURCE FILE Test PLIBSYS_HAS_XLC_VISIBILITY failed with the following output:
Change Dir: /home/neysofu/Projects/zorro/app/avenger/bin/CMakeFiles/CMakeTmp

Run Build Command(s):/usr/bin/ninja cmTC_d40b7 && [1/2] Building C object CMakeFiles/cmTC_d40b7.dir/src.c.o
FAILED: CMakeFiles/cmTC_d40b7.dir/src.c.o 
/bin/c99-gcc -D_REENTRANT  -fverbose-asm    -Wall    -Wpedantic    -Wextra    -Wshadow    -Wcomment    -Wno-missing-braces    -Wno-missing-field-initializers    -Wswitch-default    -Wcast-align    -Wpointer-arith    -Wundef    -Wuninitialized    -Wredundant-decls    -Wold-style-definition    -Wunreachable-code    -Wunused-macros -DPLIBSYS_HAS_XLC_VISIBILITY -o CMakeFiles/cmTC_d40b7.dir/src.c.o   -c src.c
src.c: In function ‘main’:
src.c:1:5: warning: old-style function definition [-Wold-style-definition]
    1 | int main () {
      |     ^~~~
src.c:5:41: error: ‘stop_compile_here’ undeclared (first use in this function)
    5 |                                         stop_compile_here
      |                                         ^~~~~~~~~~~~~~~~~
src.c:5:41: note: each undeclared identifier is reported only once for each function it appears in
src.c:5:58: error: expected ‘;’ before ‘}’ token
    5 |                                         stop_compile_here
      |                                                          ^
      |                                                          ;
    6 |                                         #endif
    7 |                                  }
      |                                  ~                        
ninja: build stopped: subcommand failed.


Source file was:
int main () {
                                        #if (defined(__xlC__) && (__xlC__ >= 0x0D01))
                                        return 0;
                                        #else
                                        stop_compile_here
                                        #endif
                                 }
Performing C SOURCE FILE Test PLIBSYS_HAS_HP_VISIBILITY failed with the following output:
Change Dir: /home/neysofu/Projects/zorro/app/avenger/bin/CMakeFiles/CMakeTmp

Run Build Command(s):/usr/bin/ninja cmTC_2d0bd && [1/2] Building C object CMakeFiles/cmTC_2d0bd.dir/src.c.o
FAILED: CMakeFiles/cmTC_2d0bd.dir/src.c.o 
/bin/c99-gcc -D_REENTRANT  -fverbose-asm    -Wall    -Wpedantic    -Wextra    -Wshadow    -Wcomment    -Wno-missing-braces    -Wno-missing-field-initializers    -Wswitch-default    -Wcast-align    -Wpointer-arith    -Wundef    -Wuninitialized    -Wredundant-decls    -Wold-style-definition    -Wunreachable-code    -Wunused-macros -DPLIBSYS_HAS_HP_VISIBILITY -o CMakeFiles/cmTC_2d0bd.dir/src.c.o   -c src.c
src.c: In function ‘main’:
src.c:1:5: warning: old-style function definition [-Wold-style-definition]
    1 | int main () {
      |     ^~~~
src.c:6:41: error: ‘stop_compile_here’ undeclared (first use in this function)
    6 |                                         stop_compile_here
      |                                         ^~~~~~~~~~~~~~~~~
src.c:6:41: note: each undeclared identifier is reported only once for each function it appears in
src.c:6:58: error: expected ‘;’ before ‘}’ token
    6 |                                         stop_compile_here
      |                                                          ^
      |                                                          ;
    7 |                                         #endif
    8 |                                  }
      |                                  ~                        
ninja: build stopped: subcommand failed.


Source file was:
int main () {
                                        #if (defined(__HP_cc)  && (__HP_cc >= 0x061500)) || \
                                            (defined(__HP_aCC) && (__HP_aCC >= 0x061500))
                                        return 0;
                                        #else
                                        stop_compile_here
                                        #endif
                                 }
